<?xml version="1.0" encoding="UTF-8"?>
<!-- Generated by org.testng.reporters.JUnitReportReporter -->
<testsuite hostname="Subhadra-Home" failures="0" tests="7" name="testNgTests.Login" time="28.540" errors="0" timestamp="2025-03-02T23:38:26 EST" skipped="0">
  <testcase classname="testNgTests.Login" name="getStarted_Stack" time="3.607"/>
  <testcase classname="testNgTests.Login" name="GetStarted_DS" time="3.886"/>
  <testcase classname="testNgTests.Login" name="getStarted_Queue" time="3.559"/>
  <testcase classname="testNgTests.Login" name="getStarted_Graph" time="3.829"/>
  <testcase classname="testNgTests.Login" name="getStarted_Tree" time="3.747"/>
  <testcase classname="testNgTests.Login" name="getStarted_Array" time="5.994"/>
  <testcase classname="testNgTests.Login" name="getStarted_Linkedlist" time="3.918"/>
</testsuite> <!-- testNgTests.Login -->
