<?xml version="1.0" encoding="UTF-8"?>
<!-- Generated by org.testng.reporters.JUnitReportReporter -->
<testsuite hostname="Subhadra-Home" failures="2" tests="54" name="testNgTests.TreeTest" time="417.118" errors="0" timestamp="2025-03-05T17:19:54 EST" skipped="0">
  <testcase classname="testNgTests.TreeTest" name="TC_01_OverviewOfTrees" time="4.624"/>
  <testcase classname="testNgTests.TreeTest" name="TC_02_OverviewOfTreesTryHere" time="4.927"/>
  <testcase classname="testNgTests.TreeTest" name="TC_03_clickTryHereForEmptyvalue" time="15.331">
    <failure message="expected [true] but found [false]" type="java.lang.AssertionError">
      <![CDATA[java.lang.AssertionError: expected [true] but found [false]
at org.testng.Assert.fail(Assert.java:111)
at org.testng.Assert.failNotEquals(Assert.java:1578)
at org.testng.Assert.assertEqualsImpl(Assert.java:150)
at org.testng.Assert.assertEquals(Assert.java:132)
at org.testng.Assert.assertEquals(Assert.java:1067)
at org.testng.Assert.assertEquals(Assert.java:1031)
at org.testng.Assert.assertEquals(Assert.java:1077)
at testNgTests.TreeTest.TC_03_clickTryHereForEmptyvalue(TreeTest.java:52)
at java.base/jdk.internal.reflect.DirectMethodHandleAccessor.invoke(DirectMethodHandleAccessor.java:103)
at java.base/java.lang.reflect.Method.invoke(Method.java:580)
at org.testng.internal.invokers.MethodInvocationHelper.invokeMethod(MethodInvocationHelper.java:141)
at org.testng.internal.invokers.TestInvoker.invokeMethod(TestInvoker.java:686)
at org.testng.internal.invokers.TestInvoker.invokeTestMethod(TestInvoker.java:230)
at org.testng.internal.invokers.MethodRunner.runInSequence(MethodRunner.java:63)
at org.testng.internal.invokers.TestInvoker$MethodInvocationAgent.invoke(TestInvoker.java:992)
at org.testng.internal.invokers.TestInvoker.invokeTestMethods(TestInvoker.java:203)
at org.testng.internal.invokers.TestMethodWorker.invokeTestMethods(TestMethodWorker.java:154)
at org.testng.internal.invokers.TestMethodWorker.run(TestMethodWorker.java:134)
at java.base/java.util.ArrayList.forEach(ArrayList.java:1596)
at org.testng.TestRunner.privateRun(TestRunner.java:739)
at org.testng.TestRunner.run(TestRunner.java:614)
at org.testng.SuiteRunner.runTest(SuiteRunner.java:421)
at org.testng.SuiteRunner.runSequentially(SuiteRunner.java:413)
at org.testng.SuiteRunner.privateRun(SuiteRunner.java:373)
at org.testng.SuiteRunner.run(SuiteRunner.java:312)
at org.testng.SuiteRunnerWorker.runSuite(SuiteRunnerWorker.java:52)
at org.testng.SuiteRunnerWorker.run(SuiteRunnerWorker.java:95)
at org.testng.TestNG.runSuitesSequentially(TestNG.java:1274)
at org.testng.TestNG.runSuitesLocally(TestNG.java:1208)
at org.testng.TestNG.runSuites(TestNG.java:1112)
at org.testng.TestNG.run(TestNG.java:1079)
at org.testng.remote.AbstractRemoteTestNG.run(AbstractRemoteTestNG.java:115)
at org.testng.remote.RemoteTestNG.initAndRun(RemoteTestNG.java:293)
at org.testng.remote.RemoteTestNG.main(RemoteTestNG.java:91)
]]>
    </failure>
  </testcase> <!-- TC_03_clickTryHereForEmptyvalue -->
  <testcase classname="testNgTests.TreeTest" name="testPythoncodeForOverviewOfTreePage" time="5.742"/>
  <testcase classname="testNgTests.TreeTest" name="testPythoncodeForOverviewOfTreePage" time="16.662"/>
  <testcase classname="testNgTests.TreeTest" name="TC_01_Terminologies" time="4.304"/>
  <testcase classname="testNgTests.TreeTest" name="TC_02_TerminologiesTryHere" time="4.782"/>
  <testcase classname="testNgTests.TreeTest" name="testPythoncodeForTerminologies" time="15.167"/>
  <testcase classname="testNgTests.TreeTest" name="testPythoncodeForTerminologies" time="5.095"/>
  <testcase classname="testNgTests.TreeTest" name="TC_01_TypesofTreesPage" time="4.303"/>
  <testcase classname="testNgTests.TreeTest" name="TC_02_TypesofTreesPagesTryHere" time="4.840"/>
  <testcase classname="testNgTests.TreeTest" name="testPythoncodeForTypesofTreesPage" time="4.803"/>
  <testcase classname="testNgTests.TreeTest" name="testPythoncodeForTypesofTreesPage" time="15.192"/>
  <testcase classname="testNgTests.TreeTest" name="TC_01_TreeTraversalsPage" time="4.235"/>
  <testcase classname="testNgTests.TreeTest" name="TC_02_TreeTraversalsPageTryHere" time="4.999"/>
  <testcase classname="testNgTests.TreeTest" name="testPythoncodeForTreeTraversalsPage" time="5.150"/>
  <testcase classname="testNgTests.TreeTest" name="testPythoncodeForTreeTraversalsPage" time="15.489"/>
  <testcase classname="testNgTests.TreeTest" name="TC_01_TraversalsIllustrationsPage" time="4.689"/>
  <testcase classname="testNgTests.TreeTest" name="TC_02_TraversalsIllustrationsPageTryHere" time="5.143"/>
  <testcase classname="testNgTests.TreeTest" name="testPythoncodeForTraversalsIllustrationsPage" time="15.557"/>
  <testcase classname="testNgTests.TreeTest" name="testPythoncodeForTraversalsIllustrationsPage" time="5.848"/>
  <testcase classname="testNgTests.TreeTest" name="TC_01_BinaryTreesPage" time="4.582">
    <failure message="expected [BinaryTrees] but found [Binary Trees]" type="java.lang.AssertionError">
      <![CDATA[java.lang.AssertionError: expected [BinaryTrees] but found [Binary Trees]
at org.testng.Assert.fail(Assert.java:111)
at org.testng.Assert.failNotEquals(Assert.java:1578)
at org.testng.Assert.assertEqualsImpl(Assert.java:150)
at org.testng.Assert.assertEquals(Assert.java:132)
at org.testng.Assert.assertEquals(Assert.java:656)
at org.testng.Assert.assertEquals(Assert.java:666)
at testNgTests.TreeTest.TC_01_BinaryTreesPage(TreeTest.java:260)
at java.base/jdk.internal.reflect.DirectMethodHandleAccessor.invoke(DirectMethodHandleAccessor.java:103)
at java.base/java.lang.reflect.Method.invoke(Method.java:580)
at org.testng.internal.invokers.MethodInvocationHelper.invokeMethod(MethodInvocationHelper.java:141)
at org.testng.internal.invokers.TestInvoker.invokeMethod(TestInvoker.java:686)
at org.testng.internal.invokers.TestInvoker.invokeTestMethod(TestInvoker.java:230)
at org.testng.internal.invokers.MethodRunner.runInSequence(MethodRunner.java:63)
at org.testng.internal.invokers.TestInvoker$MethodInvocationAgent.invoke(TestInvoker.java:992)
at org.testng.internal.invokers.TestInvoker.invokeTestMethods(TestInvoker.java:203)
at org.testng.internal.invokers.TestMethodWorker.invokeTestMethods(TestMethodWorker.java:154)
at org.testng.internal.invokers.TestMethodWorker.run(TestMethodWorker.java:134)
at java.base/java.util.ArrayList.forEach(ArrayList.java:1596)
at org.testng.TestRunner.privateRun(TestRunner.java:739)
at org.testng.TestRunner.run(TestRunner.java:614)
at org.testng.SuiteRunner.runTest(SuiteRunner.java:421)
at org.testng.SuiteRunner.runSequentially(SuiteRunner.java:413)
at org.testng.SuiteRunner.privateRun(SuiteRunner.java:373)
at org.testng.SuiteRunner.run(SuiteRunner.java:312)
at org.testng.SuiteRunnerWorker.runSuite(SuiteRunnerWorker.java:52)
at org.testng.SuiteRunnerWorker.run(SuiteRunnerWorker.java:95)
at org.testng.TestNG.runSuitesSequentially(TestNG.java:1274)
at org.testng.TestNG.runSuitesLocally(TestNG.java:1208)
at org.testng.TestNG.runSuites(TestNG.java:1112)
at org.testng.TestNG.run(TestNG.java:1079)
at org.testng.remote.AbstractRemoteTestNG.run(AbstractRemoteTestNG.java:115)
at org.testng.remote.RemoteTestNG.initAndRun(RemoteTestNG.java:293)
at org.testng.remote.RemoteTestNG.main(RemoteTestNG.java:91)
]]>
    </failure>
  </testcase> <!-- TC_01_BinaryTreesPage -->
  <testcase classname="testNgTests.TreeTest" name="TC_02_BinaryTreesPageTryHere" time="4.549"/>
  <testcase classname="testNgTests.TreeTest" name="testPythoncodeForBinaryTreesPage" time="15.394"/>
  <testcase classname="testNgTests.TreeTest" name="testPythoncodeForBinaryTreesPage" time="5.731"/>
  <testcase classname="testNgTests.TreeTest" name="TC_01_TypesOfBinaryTrees" time="4.393"/>
  <testcase classname="testNgTests.TreeTest" name="TC_02_TypesOfBinaryTreesPageTryHere" time="4.897"/>
  <testcase classname="testNgTests.TreeTest" name="testPythoncodeForTypesOfBinaryTreesPage" time="16.735"/>
  <testcase classname="testNgTests.TreeTest" name="testPythoncodeForTypesOfBinaryTreesPage" time="5.848"/>
  <testcase classname="testNgTests.TreeTest" name="TC_01_ImplementationinPython" time="4.227"/>
  <testcase classname="testNgTests.TreeTest" name="TC_02_ImplementationinPythonPageTryHere" time="5.729"/>
  <testcase classname="testNgTests.TreeTest" name="testPythoncodeForImplementationinPythonPage" time="15.110"/>
  <testcase classname="testNgTests.TreeTest" name="testPythoncodeForImplementationinPythonPage" time="4.915"/>
  <testcase classname="testNgTests.TreeTest" name="TC_01_BinaryTreeTraversals" time="4.727"/>
  <testcase classname="testNgTests.TreeTest" name="TC_02_BinaryTreeTraversalsPageTryHere" time="5.276"/>
  <testcase classname="testNgTests.TreeTest" name="testPythoncodeForBinaryTreeTraversalsPage" time="4.910"/>
  <testcase classname="testNgTests.TreeTest" name="testPythoncodeForBinaryTreeTraversalsPage" time="15.343"/>
  <testcase classname="testNgTests.TreeTest" name="TC_01_ImplementationofBinaryTrees" time="4.174"/>
  <testcase classname="testNgTests.TreeTest" name="TC_02_ImplementationofBinaryTreesPageTryHere" time="5.218"/>
  <testcase classname="testNgTests.TreeTest" name="testPythoncodeForImplementationofBinaryTreesPage" time="15.376"/>
  <testcase classname="testNgTests.TreeTest" name="testPythoncodeForImplementationofBinaryTreesPage" time="6.506"/>
  <testcase classname="testNgTests.TreeTest" name="TC_01_ApplicationsofBinarytrees" time="4.386"/>
  <testcase classname="testNgTests.TreeTest" name="TC_02_ApplicationsofBinarytreesPageTryHere" time="4.747"/>
  <testcase classname="testNgTests.TreeTest" name="testPythoncodeForApplicationsofBinarytreesPage" time="16.302"/>
  <testcase classname="testNgTests.TreeTest" name="testPythoncodeForApplicationsofBinarytreesPage" time="5.552"/>
  <testcase classname="testNgTests.TreeTest" name="TC_01_BinarySearchTrees" time="4.207"/>
  <testcase classname="testNgTests.TreeTest" name="TC_02_BinarySearchTreesPageTryHere" time="5.052"/>
  <testcase classname="testNgTests.TreeTest" name="testPythoncodeForBinarySearchTreesPage" time="5.290"/>
  <testcase classname="testNgTests.TreeTest" name="testPythoncodeForBinarySearchTreesPage" time="15.471"/>
  <testcase classname="testNgTests.TreeTest" name="TC_01_ImplementationOfBST" time="4.398"/>
  <testcase classname="testNgTests.TreeTest" name="TC_02_ImplementationOfBSTPageTryHere" time="4.614"/>
  <testcase classname="testNgTests.TreeTest" name="testPythoncodeForImplementationOfBSTPage" time="5.408"/>
  <testcase classname="testNgTests.TreeTest" name="testPythoncodeForImplementationOfBSTPage" time="16.055"/>
  <testcase classname="testNgTests.TreeTest" name="TC_PracticeQuestions" time="5.114"/>
</testsuite> <!-- testNgTests.TreeTest -->
