<?xml version="1.0" encoding="UTF-8"?>
<!-- Generated by org.testng.reporters.JUnitReportReporter -->
<testsuite hostname="SumathiLaptop" failures="0" tests="12" name="testNgTests.LoginTest" time="28.746" errors="0" timestamp="2025-03-06T21:50:02 CST" skipped="0">
  <testcase classname="testNgTests.LoginTest" name="getStarted_Array" time="2.528"/>
  <testcase classname="testNgTests.LoginTest" name="Logintest" time="2.652"/>
  <testcase classname="testNgTests.LoginTest" name="getStarted_Graph" time="2.504"/>
  <testcase classname="testNgTests.LoginTest" name="checkEmptyPasswordField" time="1.702"/>
  <testcase classname="testNgTests.LoginTest" name="GetStarted_DS" time="2.616"/>
  <testcase classname="testNgTests.LoginTest" name="Logintest" time="2.212"/>
  <testcase classname="testNgTests.LoginTest" name="Logintest" time="2.667"/>
  <testcase classname="testNgTests.LoginTest" name="getStarted_Queue" time="2.498"/>
  <testcase classname="testNgTests.LoginTest" name="getStarted_Tree" time="2.569"/>
  <testcase classname="testNgTests.LoginTest" name="getStarted_Linkedlist" time="2.614"/>
  <testcase classname="testNgTests.LoginTest" name="getStarted_Stack" time="2.458"/>
  <testcase classname="testNgTests.LoginTest" name="checkEmptyUserField" time="1.726"/>
</testsuite> <!-- testNgTests.LoginTest -->
