<?xml version="1.0" encoding="UTF-8"?>
<!-- Generated by org.testng.reporters.JUnitReportReporter -->
<testsuite hostname="Subhadra-Home" failures="0" tests="17" name="testNgTests.QueueTest" time="127.177" errors="0" timestamp="2025-03-05T23:32:08 EST" skipped="0">
  <testcase classname="testNgTests.QueueTest" name="TC_01_PracticeQuestions" time="4.721"/>
  <testcase classname="testNgTests.QueueTest" name="TC_01_ImplementationofQueueinPython" time="3.993"/>
  <testcase classname="testNgTests.QueueTest" name="TC_02_ImplementationOfBSTPageTryHere" time="4.849"/>
  <testcase classname="testNgTests.QueueTest" name="testPythoncodeForImplementationOfBSTPage" time="15.531"/>
  <testcase classname="testNgTests.QueueTest" name="testPythoncodeForImplementationOfBSTPage" time="7.034"/>
  <testcase classname="testNgTests.QueueTest" name="TC_01_Implementationusingcollectionsdeque" time="4.060"/>
  <testcase classname="testNgTests.QueueTest" name="TC_02_ImplementationusingcollectionsdequeTryHere" time="5.410"/>
  <testcase classname="testNgTests.QueueTest" name="testPythoncodeForImplementationusingcollectionsdequePage" time="15.494"/>
  <testcase classname="testNgTests.QueueTest" name="testPythoncodeForImplementationusingcollectionsdequePage" time="4.773"/>
  <testcase classname="testNgTests.QueueTest" name="TC_01_Implementationusingarray" time="4.645"/>
  <testcase classname="testNgTests.QueueTest" name="TC_02_ImplementationusingarrayTryHere" time="4.829"/>
  <testcase classname="testNgTests.QueueTest" name="testPythoncodeForImplementationusingarrayPage" time="5.179"/>
  <testcase classname="testNgTests.QueueTest" name="testPythoncodeForImplementationusingarrayPage" time="15.528"/>
  <testcase classname="testNgTests.QueueTest" name="TC_01_QueueOperations" time="4.392"/>
  <testcase classname="testNgTests.QueueTest" name="TC_02_QueueOperationsTryHere" time="5.713"/>
  <testcase classname="testNgTests.QueueTest" name="testPythoncodeForQueueOperationsPage" time="5.801"/>
  <testcase classname="testNgTests.QueueTest" name="testPythoncodeForQueueOperationsPage" time="15.225"/>
</testsuite> <!-- testNgTests.QueueTest -->
