<?xml version="1.0" encoding="UTF-8"?>
<!-- Generated by org.testng.reporters.JUnitReportReporter -->
<testsuite hostname="SumathiLaptop" failures="1" tests="54" name="testNgTests.TreeTest" time="440.606" errors="1" timestamp="2025-03-06T15:38:27 CST" skipped="0">
  <testcase classname="testNgTests.TreeTest" name="TC_01_OverviewOfTrees" time="6.393"/>
  <testcase classname="testNgTests.TreeTest" name="TC_02_OverviewOfTreesTryHere" time="6.993"/>
  <testcase classname="testNgTests.TreeTest" name="TC_03_clickTryHereForEmptyvalue" time="14.556">
    <failure message="expected [true] but found [false]" type="java.lang.AssertionError">
      <![CDATA[java.lang.AssertionError: expected [true] but found [false]
at org.testng.Assert.fail(Assert.java:111)
at org.testng.Assert.failNotEquals(Assert.java:1578)
at org.testng.Assert.assertEqualsImpl(Assert.java:150)
at org.testng.Assert.assertEquals(Assert.java:132)
at org.testng.Assert.assertEquals(Assert.java:1067)
at org.testng.Assert.assertEquals(Assert.java:1031)
at org.testng.Assert.assertEquals(Assert.java:1077)
at testNgTests.TreeTest.TC_03_clickTryHereForEmptyvalue(TreeTest.java:52)
at java.base/jdk.internal.reflect.DirectMethodHandleAccessor.invoke(DirectMethodHandleAccessor.java:103)
at java.base/java.lang.reflect.Method.invoke(Method.java:580)
at org.testng.internal.invokers.MethodInvocationHelper.invokeMethod(MethodInvocationHelper.java:141)
at org.testng.internal.invokers.TestInvoker.invokeMethod(TestInvoker.java:686)
at org.testng.internal.invokers.TestInvoker.invokeTestMethod(TestInvoker.java:230)
at org.testng.internal.invokers.MethodRunner.runInSequence(MethodRunner.java:63)
at org.testng.internal.invokers.TestInvoker$MethodInvocationAgent.invoke(TestInvoker.java:992)
at org.testng.internal.invokers.TestInvoker.invokeTestMethods(TestInvoker.java:203)
at org.testng.internal.invokers.TestMethodWorker.invokeTestMethods(TestMethodWorker.java:154)
at org.testng.internal.invokers.TestMethodWorker.run(TestMethodWorker.java:134)
at java.base/java.util.ArrayList.forEach(ArrayList.java:1596)
at org.testng.TestRunner.privateRun(TestRunner.java:739)
at org.testng.TestRunner.run(TestRunner.java:614)
at org.testng.SuiteRunner.runTest(SuiteRunner.java:421)
at org.testng.SuiteRunner.runSequentially(SuiteRunner.java:413)
at org.testng.SuiteRunner.privateRun(SuiteRunner.java:373)
at org.testng.SuiteRunner.run(SuiteRunner.java:312)
at org.testng.SuiteRunnerWorker.runSuite(SuiteRunnerWorker.java:52)
at org.testng.SuiteRunnerWorker.run(SuiteRunnerWorker.java:95)
at org.testng.TestNG.runSuitesSequentially(TestNG.java:1274)
at org.testng.TestNG.runSuitesLocally(TestNG.java:1208)
at org.testng.TestNG.runSuites(TestNG.java:1112)
at org.testng.TestNG.run(TestNG.java:1079)
at org.testng.remote.AbstractRemoteTestNG.run(AbstractRemoteTestNG.java:115)
at org.testng.remote.RemoteTestNG.initAndRun(RemoteTestNG.java:293)
at org.testng.remote.RemoteTestNG.main(RemoteTestNG.java:91)
]]>
    </failure>
  </testcase> <!-- TC_03_clickTryHereForEmptyvalue -->
  <testcase classname="testNgTests.TreeTest" name="testPythoncodeForOverviewOfTreePage" time="34.125">
    <error message="element not interactable
  (Session info: chrome=133.0.6943.142)
Build info: version: &#039;4.27.0&#039;, revision: &#039;d6e718d134&#039;
System info: os.name: &#039;Windows 11&#039;, os.arch: &#039;amd64&#039;, os.version: &#039;10.0&#039;, java.version: &#039;21.0.5&#039;
Driver info: org.openqa.selenium.chrome.ChromeDriver
Command: [60411ae1192a261d55c7836698758426, sendKeysToElement {value=[Ljava.lang.CharSequence;@24e2435f, id=f.F6595BF344D5CC567EEEEFC81CDCF104.d.29801AA86BF4B4242F002695488053AF.e.38}]
Capabilities {acceptInsecureCerts: false, browserName: chrome, browserVersion: 133.0.6943.142, chrome: {chromedriverVersion: 133.0.6943.141 (2a5d6da0d61..., userDataDir: C:\Users\rakhy\AppData\Loca...}, fedcm:accounts: true, goog:chromeOptions: {debuggerAddress: localhost:62057}, networkConnectionEnabled: false, pageLoadStrategy: normal, platformName: windows, proxy: Proxy(), se:cdp: ws://localhost:62057/devtoo..., se:cdpVersion: 133.0.6943.142, setWindowRect: true, strictFileInteractability: false, timeouts: {implicit: 0, pageLoad: 300000, script: 30000}, unhandledPromptBehavior: dismiss and notify, webauthn:extension:credBlob: true, webauthn:extension:largeBlob: true, webauthn:extension:minPinLength: true, webauthn:extension:prf: true, webauthn:virtualAuthenticators: true}
Element: [[ChromeDriver: chrome on windows (60411ae1192a261d55c7836698758426)] -&gt; xpath: //div[contains(@class,&#039;CodeMirror&#039;)]/div/textarea]
Session ID: 60411ae1192a261d55c7836698758426" type="org.openqa.selenium.ElementNotInteractableException">
      <![CDATA[org.openqa.selenium.ElementNotInteractableException: element not interactable
  (Session info: chrome=133.0.6943.142)
Build info: version: '4.27.0', revision: 'd6e718d134'
System info: os.name: 'Windows 11', os.arch: 'amd64', os.version: '10.0', java.version: '21.0.5'
Driver info: org.openqa.selenium.chrome.ChromeDriver
Command: [60411ae1192a261d55c7836698758426, sendKeysToElement {value=[Ljava.lang.CharSequence;@24e2435f, id=f.F6595BF344D5CC567EEEEFC81CDCF104.d.29801AA86BF4B4242F002695488053AF.e.38}]
Capabilities {acceptInsecureCerts: false, browserName: chrome, browserVersion: 133.0.6943.142, chrome: {chromedriverVersion: 133.0.6943.141 (2a5d6da0d61..., userDataDir: C:\Users\rakhy\AppData\Loca...}, fedcm:accounts: true, goog:chromeOptions: {debuggerAddress: localhost:62057}, networkConnectionEnabled: false, pageLoadStrategy: normal, platformName: windows, proxy: Proxy(), se:cdp: ws://localhost:62057/devtoo..., se:cdpVersion: 133.0.6943.142, setWindowRect: true, strictFileInteractability: false, timeouts: {implicit: 0, pageLoad: 300000, script: 30000}, unhandledPromptBehavior: dismiss and notify, webauthn:extension:credBlob: true, webauthn:extension:largeBlob: true, webauthn:extension:minPinLength: true, webauthn:extension:prf: true, webauthn:virtualAuthenticators: true}
Element: [[ChromeDriver: chrome on windows (60411ae1192a261d55c7836698758426)] -> xpath: //div[contains(@class,'CodeMirror')]/div/textarea]
Session ID: 60411ae1192a261d55c7836698758426
at java.base/jdk.internal.reflect.DirectConstructorHandleAccessor.newInstance(DirectConstructorHandleAccessor.java:62)
at java.base/java.lang.reflect.Constructor.newInstanceWithCaller(Constructor.java:502)
at java.base/java.lang.reflect.Constructor.newInstance(Constructor.java:486)
at org.openqa.selenium.remote.ErrorCodec.decode(ErrorCodec.java:167)
at org.openqa.selenium.remote.codec.w3c.W3CHttpResponseCodec.decode(W3CHttpResponseCodec.java:138)
at org.openqa.selenium.remote.codec.w3c.W3CHttpResponseCodec.decode(W3CHttpResponseCodec.java:50)
at org.openqa.selenium.remote.HttpCommandExecutor.execute(HttpCommandExecutor.java:190)
at org.openqa.selenium.remote.service.DriverCommandExecutor.invokeExecute(DriverCommandExecutor.java:216)
at org.openqa.selenium.remote.service.DriverCommandExecutor.execute(DriverCommandExecutor.java:174)
at org.openqa.selenium.remote.RemoteWebDriver.execute(RemoteWebDriver.java:545)
at org.openqa.selenium.remote.RemoteWebElement.execute(RemoteWebElement.java:223)
at org.openqa.selenium.remote.RemoteWebElement.sendKeys(RemoteWebElement.java:110)
at pageobject.Commonpage.ValidInvalidtextEditorOperations(Commonpage.java:61)
at testNgTests.TreeTest.testPythoncodeForOverviewOfTreePage(TreeTest.java:61)
at java.base/jdk.internal.reflect.DirectMethodHandleAccessor.invoke(DirectMethodHandleAccessor.java:103)
at java.base/java.lang.reflect.Method.invoke(Method.java:580)
at org.testng.internal.invokers.MethodInvocationHelper.invokeMethod(MethodInvocationHelper.java:141)
at org.testng.internal.invokers.TestInvoker.invokeMethod(TestInvoker.java:686)
at org.testng.internal.invokers.TestInvoker.invokeTestMethod(TestInvoker.java:230)
at org.testng.internal.invokers.MethodRunner.runInSequence(MethodRunner.java:63)
at org.testng.internal.invokers.TestInvoker$MethodInvocationAgent.invoke(TestInvoker.java:992)
at org.testng.internal.invokers.TestInvoker.invokeTestMethods(TestInvoker.java:203)
at org.testng.internal.invokers.TestMethodWorker.invokeTestMethods(TestMethodWorker.java:154)
at org.testng.internal.invokers.TestMethodWorker.run(TestMethodWorker.java:134)
at java.base/java.util.ArrayList.forEach(ArrayList.java:1596)
at org.testng.TestRunner.privateRun(TestRunner.java:739)
at org.testng.TestRunner.run(TestRunner.java:614)
at org.testng.SuiteRunner.runTest(SuiteRunner.java:421)
at org.testng.SuiteRunner.runSequentially(SuiteRunner.java:413)
at org.testng.SuiteRunner.privateRun(SuiteRunner.java:373)
at org.testng.SuiteRunner.run(SuiteRunner.java:312)
at org.testng.SuiteRunnerWorker.runSuite(SuiteRunnerWorker.java:52)
at org.testng.SuiteRunnerWorker.run(SuiteRunnerWorker.java:95)
at org.testng.TestNG.runSuitesSequentially(TestNG.java:1274)
at org.testng.TestNG.runSuitesLocally(TestNG.java:1208)
at org.testng.TestNG.runSuites(TestNG.java:1112)
at org.testng.TestNG.run(TestNG.java:1079)
at org.testng.remote.AbstractRemoteTestNG.run(AbstractRemoteTestNG.java:115)
at org.testng.remote.RemoteTestNG.initAndRun(RemoteTestNG.java:293)
at org.testng.remote.RemoteTestNG.main(RemoteTestNG.java:91)
]]>
    </error>
  </testcase> <!-- testPythoncodeForOverviewOfTreePage -->
  <testcase classname="testNgTests.TreeTest" name="testPythoncodeForOverviewOfTreePage" time="7.161"/>
  <testcase classname="testNgTests.TreeTest" name="TC_01_Terminologies" time="3.440"/>
  <testcase classname="testNgTests.TreeTest" name="TC_02_TerminologiesTryHere" time="6.709"/>
  <testcase classname="testNgTests.TreeTest" name="testPythoncodeForTerminologies" time="7.175"/>
  <testcase classname="testNgTests.TreeTest" name="testPythoncodeForTerminologies" time="14.377"/>
  <testcase classname="testNgTests.TreeTest" name="TC_01_TypesofTreesPage" time="4.631"/>
  <testcase classname="testNgTests.TreeTest" name="TC_02_TypesofTreesPagesTryHere" time="7.062"/>
  <testcase classname="testNgTests.TreeTest" name="testPythoncodeForTypesofTreesPage" time="14.496"/>
  <testcase classname="testNgTests.TreeTest" name="testPythoncodeForTypesofTreesPage" time="7.137"/>
  <testcase classname="testNgTests.TreeTest" name="TC_01_TreeTraversalsPage" time="4.566"/>
  <testcase classname="testNgTests.TreeTest" name="TC_02_TreeTraversalsPageTryHere" time="7.136"/>
  <testcase classname="testNgTests.TreeTest" name="testPythoncodeForTreeTraversalsPage" time="17.513"/>
  <testcase classname="testNgTests.TreeTest" name="testPythoncodeForTreeTraversalsPage" time="7.210"/>
  <testcase classname="testNgTests.TreeTest" name="TC_01_TraversalsIllustrationsPage" time="6.384"/>
  <testcase classname="testNgTests.TreeTest" name="TC_02_TraversalsIllustrationsPageTryHere" time="7.044"/>
  <testcase classname="testNgTests.TreeTest" name="testPythoncodeForTraversalsIllustrationsPage" time="4.450"/>
  <testcase classname="testNgTests.TreeTest" name="testPythoncodeForTraversalsIllustrationsPage" time="17.400"/>
  <testcase classname="testNgTests.TreeTest" name="TC_01_BinaryTreesPage" time="6.378"/>
  <testcase classname="testNgTests.TreeTest" name="TC_02_BinaryTreesPageTryHere" time="4.250"/>
  <testcase classname="testNgTests.TreeTest" name="testPythoncodeForBinaryTreesPage" time="14.640"/>
  <testcase classname="testNgTests.TreeTest" name="testPythoncodeForBinaryTreesPage" time="4.346"/>
  <testcase classname="testNgTests.TreeTest" name="TC_01_TypesOfBinaryTrees" time="6.593"/>
  <testcase classname="testNgTests.TreeTest" name="TC_02_TypesOfBinaryTreesPageTryHere" time="4.214"/>
  <testcase classname="testNgTests.TreeTest" name="testPythoncodeForTypesOfBinaryTreesPage" time="14.525"/>
  <testcase classname="testNgTests.TreeTest" name="testPythoncodeForTypesOfBinaryTreesPage" time="7.194"/>
  <testcase classname="testNgTests.TreeTest" name="TC_01_ImplementationinPython" time="3.448"/>
  <testcase classname="testNgTests.TreeTest" name="TC_02_ImplementationinPythonPageTryHere" time="7.078"/>
  <testcase classname="testNgTests.TreeTest" name="testPythoncodeForImplementationinPythonPage" time="14.572"/>
  <testcase classname="testNgTests.TreeTest" name="testPythoncodeForImplementationinPythonPage" time="4.295"/>
  <testcase classname="testNgTests.TreeTest" name="TC_01_BinaryTreeTraversals" time="3.354"/>
  <testcase classname="testNgTests.TreeTest" name="TC_02_BinaryTreeTraversalsPageTryHere" time="7.180"/>
  <testcase classname="testNgTests.TreeTest" name="testPythoncodeForBinaryTreeTraversalsPage" time="14.368"/>
  <testcase classname="testNgTests.TreeTest" name="testPythoncodeForBinaryTreeTraversalsPage" time="4.189"/>
  <testcase classname="testNgTests.TreeTest" name="TC_01_ImplementationofBinaryTrees" time="3.437"/>
  <testcase classname="testNgTests.TreeTest" name="TC_02_ImplementationofBinaryTreesPageTryHere" time="5.293"/>
  <testcase classname="testNgTests.TreeTest" name="testPythoncodeForImplementationofBinaryTreesPage" time="4.415"/>
  <testcase classname="testNgTests.TreeTest" name="testPythoncodeForImplementationofBinaryTreesPage" time="14.276"/>
  <testcase classname="testNgTests.TreeTest" name="TC_01_ApplicationsofBinarytrees" time="3.305"/>
  <testcase classname="testNgTests.TreeTest" name="TC_02_ApplicationsofBinarytreesPageTryHere" time="3.920"/>
  <testcase classname="testNgTests.TreeTest" name="testPythoncodeForApplicationsofBinarytreesPage" time="14.589"/>
  <testcase classname="testNgTests.TreeTest" name="testPythoncodeForApplicationsofBinarytreesPage" time="4.204"/>
  <testcase classname="testNgTests.TreeTest" name="TC_01_BinarySearchTrees" time="6.800"/>
  <testcase classname="testNgTests.TreeTest" name="TC_02_BinarySearchTreesPageTryHere" time="4.009"/>
  <testcase classname="testNgTests.TreeTest" name="testPythoncodeForBinarySearchTreesPage" time="14.749"/>
  <testcase classname="testNgTests.TreeTest" name="testPythoncodeForBinarySearchTreesPage" time="4.419"/>
  <testcase classname="testNgTests.TreeTest" name="TC_01_ImplementationOfBST" time="3.495"/>
  <testcase classname="testNgTests.TreeTest" name="TC_02_ImplementationOfBSTPageTryHere" time="4.057"/>
  <testcase classname="testNgTests.TreeTest" name="testPythoncodeForImplementationOfBSTPage" time="14.708"/>
  <testcase classname="testNgTests.TreeTest" name="testPythoncodeForImplementationOfBSTPage" time="4.908"/>
  <testcase classname="testNgTests.TreeTest" name="TC_PracticeQuestions" time="3.440"/>
</testsuite> <!-- testNgTests.TreeTest -->
