<?xml version="1.0" encoding="UTF-8"?>
<!-- Generated by org.testng.reporters.JUnitReportReporter -->
<testsuite hostname="SumathiLaptop" failures="0" tests="1" name="testNgTests.Array" time="7.300" errors="0" timestamp="2025-03-04T20:34:57 CST" skipped="0">
  <testcase classname="testNgTests.Array" name="clickSquaresofSortedArray" time="7.300"/>
</testsuite> <!-- testNgTests.Array -->
