<?xml version="1.0" encoding="UTF-8"?>
<!-- Generated by org.testng.reporters.JUnitReportReporter -->
<testsuite hostname="SumathiLaptop" failures="0" tests="12" name="testNgTests.LoginTest" time="48.821" errors="0" timestamp="2025-03-06T15:38:27 CST" skipped="0">
  <testcase classname="testNgTests.LoginTest" name="getStarted_Linkedlist" time="6.163"/>
  <testcase classname="testNgTests.LoginTest" name="getStarted_Graph" time="6.011"/>
  <testcase classname="testNgTests.LoginTest" name="Logintest" time="2.706"/>
  <testcase classname="testNgTests.LoginTest" name="checkEmptyPasswordField" time="2.157"/>
  <testcase classname="testNgTests.LoginTest" name="getStarted_Queue" time="3.278"/>
  <testcase classname="testNgTests.LoginTest" name="getStarted_Array" time="3.181"/>
  <testcase classname="testNgTests.LoginTest" name="getStarted_Stack" time="3.261"/>
  <testcase classname="testNgTests.LoginTest" name="GetStarted_DS" time="4.124"/>
  <testcase classname="testNgTests.LoginTest" name="Logintest" time="5.902"/>
  <testcase classname="testNgTests.LoginTest" name="getStarted_Tree" time="4.233"/>
  <testcase classname="testNgTests.LoginTest" name="checkEmptyUserField" time="2.143"/>
  <testcase classname="testNgTests.LoginTest" name="Logintest" time="5.662"/>
</testsuite> <!-- testNgTests.LoginTest -->
