<?xml version="1.0" encoding="UTF-8"?>
<!-- Generated by org.testng.reporters.JUnitReportReporter -->
<testsuite hostname="Subhadra-Home" failures="0" tests="1" name="testNgTests.Login" time="0.027" errors="0" timestamp="2025-02-28T12:32:58 EST" skipped="0">
  <testcase classname="testNgTests.Login" name="login" time="0.027"/>
</testsuite> <!-- testNgTests.Login -->
