<?xml version="1.0" encoding="UTF-8"?>
<!-- Generated by org.testng.reporters.JUnitReportReporter -->
<testsuite hostname="SumathiLaptop" failures="0" tests="17" name="testNgTests.QueueTest" time="121.645" errors="0" timestamp="2025-03-06T21:50:02 CST" skipped="0">
  <testcase classname="testNgTests.QueueTest" name="TC_01_ImplementationofQueueinPython" time="5.984"/>
  <testcase classname="testNgTests.QueueTest" name="TC_02_ImplementationOfBSTPageTryHere" time="6.424"/>
  <testcase classname="testNgTests.QueueTest" name="testPythoncodeForImplementationOfBSTPage" time="3.380"/>
  <testcase classname="testNgTests.QueueTest" name="testPythoncodeForImplementationOfBSTPage" time="13.789"/>
  <testcase classname="testNgTests.QueueTest" name="TC_01_Implementationusingcollectionsdeque" time="5.754"/>
  <testcase classname="testNgTests.QueueTest" name="TC_02_ImplementationusingcollectionsdequeTryHere" time="3.512"/>
  <testcase classname="testNgTests.QueueTest" name="testPythoncodeForImplementationusingcollectionsdequePage" time="13.700"/>
  <testcase classname="testNgTests.QueueTest" name="testPythoncodeForImplementationusingcollectionsdequePage" time="3.447"/>
  <testcase classname="testNgTests.QueueTest" name="TC_01_Implementationusingarray" time="2.816"/>
  <testcase classname="testNgTests.QueueTest" name="TC_02_ImplementationusingarrayTryHere" time="4.521"/>
  <testcase classname="testNgTests.QueueTest" name="testPythoncodeForImplementationusingarrayPage" time="16.563"/>
  <testcase classname="testNgTests.QueueTest" name="testPythoncodeForImplementationusingarrayPage" time="3.575"/>
  <testcase classname="testNgTests.QueueTest" name="TC_01_QueueOperations" time="5.819"/>
  <testcase classname="testNgTests.QueueTest" name="TC_02_QueueOperationsTryHere" time="6.825"/>
  <testcase classname="testNgTests.QueueTest" name="testPythoncodeForQueueOperationsPage" time="6.723"/>
  <testcase classname="testNgTests.QueueTest" name="testPythoncodeForQueueOperationsPage" time="14.853"/>
  <testcase classname="testNgTests.QueueTest" name="TC_01_PracticeQuestions" time="3.960"/>
</testsuite> <!-- testNgTests.QueueTest -->
