<?xml version="1.0" encoding="UTF-8"?>
<!-- Generated by org.testng.reporters.JUnitReportReporter -->
<testsuite hostname="SumathiLaptop" failures="0" tests="1" name="BaseClass.BaseTest" time="6.864" errors="0" timestamp="2025-03-03T09:24:53 CST" skipped="0">
  <testcase classname="BaseClass.BaseTest" name="LoginwithValid" time="6.864"/>
</testsuite> <!-- BaseClass.BaseTest -->
